{"/Users/prime/code/my-player/client/src/components/search/Search.jsx": {"path":"/Users/prime/code/my-player/client/src/components/search/Search.jsx","all":false,"statementMap":{"0":{"start":{"line":1,"column":0},"end":{"line":1,"column":40}},"1":{"start":{"line":2,"column":0},"end":{"line":2,"column":0}},"2":{"start":{"line":3,"column":0},"end":{"line":3,"column":47}},"3":{"start":{"line":4,"column":0},"end":{"line":4,"column":32}},"4":{"start":{"line":5,"column":0},"end":{"line":5,"column":45}},"5":{"start":{"line":6,"column":0},"end":{"line":6,"column":25}},"6":{"start":{"line":7,"column":0},"end":{"line":7,"column":65}},"7":{"start":{"line":8,"column":0},"end":{"line":8,"column":48}},"8":{"start":{"line":9,"column":0},"end":{"line":9,"column":42}},"9":{"start":{"line":10,"column":0},"end":{"line":10,"column":27}},"10":{"start":{"line":11,"column":0},"end":{"line":11,"column":16}},"11":{"start":{"line":12,"column":0},"end":{"line":12,"column":26}},"12":{"start":{"line":13,"column":0},"end":{"line":13,"column":9}},"13":{"start":{"line":14,"column":0},"end":{"line":14,"column":5}},"14":{"start":{"line":15,"column":0},"end":{"line":15,"column":12}},"15":{"start":{"line":16,"column":0},"end":{"line":16,"column":39}},"16":{"start":{"line":17,"column":0},"end":{"line":17,"column":114}},"17":{"start":{"line":18,"column":0},"end":{"line":18,"column":90}},"18":{"start":{"line":19,"column":0},"end":{"line":19,"column":72}},"19":{"start":{"line":20,"column":0},"end":{"line":20,"column":14}},"20":{"start":{"line":21,"column":0},"end":{"line":21,"column":5}},"21":{"start":{"line":22,"column":0},"end":{"line":22,"column":1}}},"s":{"0":1,"1":1,"2":3,"3":3,"4":3,"5":3,"6":2,"7":1,"8":1,"9":1,"10":1,"11":1,"12":1,"13":2,"14":3,"15":3,"16":3,"17":3,"18":3,"19":3,"20":3,"21":3},"branchMap":{"0":{"type":"branch","line":3,"loc":{"start":{"line":3,"column":0},"end":{"line":22,"column":1}},"locations":[{"start":{"line":3,"column":0},"end":{"line":22,"column":1}}]},"1":{"type":"branch","line":18,"loc":{"start":{"line":18,"column":13},"end":{"line":18,"column":85}},"locations":[{"start":{"line":18,"column":13},"end":{"line":18,"column":85}}]},"2":{"type":"branch","line":18,"loc":{"start":{"line":18,"column":76},"end":{"line":18,"column":90}},"locations":[{"start":{"line":18,"column":76},"end":{"line":18,"column":90}}]},"3":{"type":"branch","line":6,"loc":{"start":{"line":6,"column":4},"end":{"line":14,"column":5}},"locations":[{"start":{"line":6,"column":4},"end":{"line":14,"column":5}}]},"4":{"type":"branch","line":7,"loc":{"start":{"line":7,"column":64},"end":{"line":13,"column":9}},"locations":[{"start":{"line":7,"column":64},"end":{"line":13,"column":9}}]}},"b":{"0":[3],"1":[1],"2":[2],"3":[2],"4":[1]},"fnMap":{"0":{"name":"Search","decl":{"start":{"line":3,"column":0},"end":{"line":22,"column":1}},"loc":{"start":{"line":3,"column":0},"end":{"line":22,"column":1}},"line":3},"1":{"name":"onSubmit","decl":{"start":{"line":6,"column":4},"end":{"line":14,"column":5}},"loc":{"start":{"line":6,"column":4},"end":{"line":14,"column":5}},"line":6}},"f":{"0":3,"1":2}}
}
